<?xml version="1.0" encoding="UTF-8"?>
<!-- Generated by org.testng.reporters.JUnitReportReporter -->
<testsuite skipped="0" hostname="DESKTOP-SM0PVNB" name="com.maven.testcases.Rediff" tests="1" failures="0" timestamp="23 Aug 2018 09:54:59 GMT" time="11.835" errors="0">
  <testcase name="redifflogin" time="11.835" classname="com.maven.testcases.Rediff"/>
</testsuite> <!-- com.maven.testcases.Rediff -->
